【bzn-robot-portal】2018-11-28 14:40:46.785  INFO --- [main] c.l.s.ProjectSecurityApplication : Starting ProjectSecurityApplication on DESKTOP-OPK4UGK with PID 4420 (E:\workspace\private\project_security\target\classes started by 刘长申 in E:\workspace\private\project_security)
【bzn-robot-portal】2018-11-28 14:40:46.793  INFO --- [main] c.l.s.ProjectSecurityApplication : No active profile set, falling back to default profiles: default
【bzn-robot-portal】2018-11-28 14:40:48.128  INFO --- [main] o.s.d.r.c.RepositoryConfigurationDelegate : Bootstrapping Spring Data repositories in DEFAULT mode.
【bzn-robot-portal】2018-11-28 14:40:48.247  INFO --- [main] o.s.d.r.c.RepositoryConfigurationDelegate : Finished Spring Data repository scanning in 101ms. Found 1 repository interfaces.
【bzn-robot-portal】2018-11-28 14:40:48.735  INFO --- [main] o.s.c.s.PostProcessorRegistrationDelegate$BeanPostProcessorChecker : Bean 'org.springframework.transaction.annotation.ProxyTransactionManagementConfiguration' of type [org.springframework.transaction.annotation.ProxyTransactionManagementConfiguration$$EnhancerBySpringCGLIB$$a7644e4a] is not eligible for getting processed by all BeanPostProcessors (for example: not eligible for auto-proxying)
【bzn-robot-portal】2018-11-28 14:40:49.048  INFO --- [main] o.s.b.w.e.tomcat.TomcatWebServer : Tomcat initialized with port(s): 8090 (http)
【bzn-robot-portal】2018-11-28 14:40:49.066  INFO --- [main] o.a.catalina.core.StandardService : Starting service [Tomcat]
【bzn-robot-portal】2018-11-28 14:40:49.066  INFO --- [main] o.a.catalina.core.StandardEngine : Starting Servlet Engine: Apache Tomcat/9.0.12
【bzn-robot-portal】2018-11-28 14:40:49.075  INFO --- [main] o.a.c.core.AprLifecycleListener : The APR based Apache Tomcat Native library which allows optimal performance in production environments was not found on the java.library.path: [C:\Program Files\Java\jdk1.8.0_181\bin;C:\WINDOWS\Sun\Java\bin;C:\WINDOWS\system32;C:\WINDOWS;C:\WINDOWS\system32;C:\WINDOWS;C:\WINDOWS\System32\Wbem;C:\WINDOWS\System32\WindowsPowerShell\v1.0\;C:\Program Files\Java\jdk1.8.0_181\bin;C:\Program Files\Microsoft SQL Server\130\Tools\Binn\;D:\programSoft\versionSoft\SVN\bin;D:\programSoft\IDESoft\apache-maven-3.2.3\bin;%RABBITMQ_SERVER%\sbin;%ERLANG_HOME%\bin;D:\programSoft\versionSoft\tortoiseGit\bin;D:\programSoft\python;D:\programSoft\python\Scripts;D:\programSoft\IDESoft\vscode\Microsoft VS Code\bin;D:\programSoft\nodejs\;C:\Program Files\Java\jdk1.8.0_181\jre\bin;D:\programSoft\versionSoft\GIT\Git\cmd;D:\programSoft\IDESoft\vscode\Microsoft VS Code\bin;C:\Users\刘长申\AppData\Local\Programs\Fiddler;%U;ERPROFILE%\AppData\Local\Microsoft\WindowsApps;D:\programSoft\fiddler\Fiddler2\Fiddler;C:\Users\刘长申\AppData\Roaming\npm;;.]
【bzn-robot-portal】2018-11-28 14:40:49.213  INFO --- [main] o.a.c.c.C.[Tomcat].[localhost].[/] : Initializing Spring embedded WebApplicationContext
【bzn-robot-portal】2018-11-28 14:40:49.213  INFO --- [main] o.s.web.context.ContextLoader : Root WebApplicationContext: initialization completed in 2359 ms
【bzn-robot-portal】2018-11-28 14:40:49.265  INFO --- [main] o.s.b.w.s.FilterRegistrationBean : Mapping filter: 'characterEncodingFilter' to: [/*]
【bzn-robot-portal】2018-11-28 14:40:49.266  INFO --- [main] o.s.b.w.s.FilterRegistrationBean : Mapping filter: 'hiddenHttpMethodFilter' to: [/*]
【bzn-robot-portal】2018-11-28 14:40:49.266  INFO --- [main] o.s.b.w.s.FilterRegistrationBean : Mapping filter: 'formContentFilter' to: [/*]
【bzn-robot-portal】2018-11-28 14:40:49.266  INFO --- [main] o.s.b.w.s.FilterRegistrationBean : Mapping filter: 'requestContextFilter' to: [/*]
【bzn-robot-portal】2018-11-28 14:40:49.268  INFO --- [main] o.s.b.w.s.DelegatingFilterProxyRegistrationBean : Mapping filter: 'springSecurityFilterChain' to: [/*]
【bzn-robot-portal】2018-11-28 14:40:49.269  INFO --- [main] o.s.b.w.s.ServletRegistrationBean : Servlet dispatcherServlet mapped to [/]
【bzn-robot-portal】2018-11-28 14:40:49.400  INFO --- [main] com.zaxxer.hikari.HikariDataSource : HikariPool-1 - Starting...
【bzn-robot-portal】2018-11-28 14:40:49.402  WARN --- [main] c.z.hikari.util.DriverDataSource : Registered driver with driverClassName=com.mysql.jdbc.Driver was not found, trying direct instantiation.
【bzn-robot-portal】2018-11-28 14:40:50.895  INFO --- [main] com.zaxxer.hikari.HikariDataSource : HikariPool-1 - Start completed.
【bzn-robot-portal】2018-11-28 14:40:50.976  INFO --- [main] o.h.jpa.internal.util.LogHelper : HHH000204: Processing PersistenceUnitInfo [
	name: default
	...]
【bzn-robot-portal】2018-11-28 14:40:51.049  INFO --- [main] org.hibernate.Version : HHH000412: Hibernate Core {5.3.7.Final}
【bzn-robot-portal】2018-11-28 14:40:51.051  INFO --- [main] org.hibernate.cfg.Environment : HHH000206: hibernate.properties not found
【bzn-robot-portal】2018-11-28 14:40:51.210  INFO --- [main] o.h.annotations.common.Version : HCANN000001: Hibernate Commons Annotations {5.0.4.Final}
【bzn-robot-portal】2018-11-28 14:40:51.529  INFO --- [main] org.hibernate.dialect.Dialect : HHH000400: Using dialect: org.hibernate.dialect.MySQL5Dialect
【bzn-robot-portal】2018-11-28 14:40:52.732  INFO --- [main] o.s.o.j.LocalContainerEntityManagerFactoryBean : Initialized JPA EntityManagerFactory for persistence unit 'default'
【bzn-robot-portal】2018-11-28 14:40:53.392  INFO --- [main] o.s.s.web.DefaultSecurityFilterChain : Creating filter chain: any request, [org.springframework.security.web.context.request.async.WebAsyncManagerIntegrationFilter@7cc1f72c, org.springframework.security.web.context.SecurityContextPersistenceFilter@11e834ad, org.springframework.security.web.header.HeaderWriterFilter@1187dc82, org.springframework.security.web.csrf.CsrfFilter@1682e6a, org.springframework.security.web.authentication.logout.LogoutFilter@36b53f08, org.springframework.security.web.authentication.UsernamePasswordAuthenticationFilter@1b3bec6c, org.springframework.security.web.savedrequest.RequestCacheAwareFilter@25d911a, org.springframework.security.web.servletapi.SecurityContextHolderAwareRequestFilter@38732372, org.springframework.security.web.authentication.rememberme.RememberMeAuthenticationFilter@8b670c0, org.springframework.security.web.authentication.AnonymousAuthenticationFilter@7b7068d8, org.springframework.security.web.session.SessionManagementFilter@18e4551, org.springframework.security.web.access.ExceptionTranslationFilter@356b6b5d, org.springframework.security.web.access.intercept.FilterSecurityInterceptor@4fbb1144]
【bzn-robot-portal】2018-11-28 14:40:53.551  INFO --- [main] o.s.s.c.ThreadPoolTaskExecutor : Initializing ExecutorService 'applicationTaskExecutor'
【bzn-robot-portal】2018-11-28 14:40:53.595  WARN --- [main] o.s.b.a.o.j.JpaBaseConfiguration$JpaWebConfiguration$JpaWebMvcConfiguration : spring.jpa.open-in-view is enabled by default. Therefore, database queries may be performed during view rendering. Explicitly configure spring.jpa.open-in-view to disable this warning
【bzn-robot-portal】2018-11-28 14:40:53.920  INFO --- [main] o.s.b.w.e.tomcat.TomcatWebServer : Tomcat started on port(s): 8090 (http) with context path ''
【bzn-robot-portal】2018-11-28 14:40:53.923  INFO --- [main] c.l.s.ProjectSecurityApplication : Started ProjectSecurityApplication in 8.073 seconds (JVM running for 9.129)
【bzn-robot-portal】2018-11-28 14:41:45.117  INFO --- [http-nio-8090-exec-1] o.a.tomcat.util.http.parser.Cookie : A cookie header was received [1527132295; _pk_id.4.1fff=003a09a356306f5f.1526956841.7.1527132360.1527132295.; _pk_id.1.1fff=b86245a686e2ce8c.1526896879.14.1531820426.1531817156.; _ga=GA1.1.1451174139.1538116682; JSESSIONID=8C8D042D878945E44A1AB59576F94100] that contained an invalid cookie. That cookie will be ignored.Note: further occurrences of this error will be logged at DEBUG level.
【bzn-robot-portal】2018-11-28 14:41:45.124  INFO --- [http-nio-8090-exec-1] o.a.c.c.C.[Tomcat].[localhost].[/] : Initializing Spring DispatcherServlet 'dispatcherServlet'
【bzn-robot-portal】2018-11-28 14:41:45.124  INFO --- [http-nio-8090-exec-1] o.s.web.servlet.DispatcherServlet : Initializing Servlet 'dispatcherServlet'
【bzn-robot-portal】2018-11-28 14:41:45.132  INFO --- [http-nio-8090-exec-1] o.s.web.servlet.DispatcherServlet : Completed initialization in 7 ms
【bzn-robot-portal】2018-11-28 14:47:56.241  INFO --- [main] c.l.s.ProjectSecurityApplication : Starting ProjectSecurityApplication on DESKTOP-OPK4UGK with PID 8688 (E:\workspace\private\project_security\target\classes started by 刘长申 in E:\workspace\private\project_security)
【bzn-robot-portal】2018-11-28 14:47:56.247  INFO --- [main] c.l.s.ProjectSecurityApplication : No active profile set, falling back to default profiles: default
【bzn-robot-portal】2018-11-28 14:47:57.361  INFO --- [main] o.s.d.r.c.RepositoryConfigurationDelegate : Bootstrapping Spring Data repositories in DEFAULT mode.
【bzn-robot-portal】2018-11-28 14:47:57.449  INFO --- [main] o.s.d.r.c.RepositoryConfigurationDelegate : Finished Spring Data repository scanning in 79ms. Found 1 repository interfaces.
【bzn-robot-portal】2018-11-28 14:47:57.894  INFO --- [main] o.s.c.s.PostProcessorRegistrationDelegate$BeanPostProcessorChecker : Bean 'org.springframework.transaction.annotation.ProxyTransactionManagementConfiguration' of type [org.springframework.transaction.annotation.ProxyTransactionManagementConfiguration$$EnhancerBySpringCGLIB$$b15145f4] is not eligible for getting processed by all BeanPostProcessors (for example: not eligible for auto-proxying)
【bzn-robot-portal】2018-11-28 14:47:58.239  INFO --- [main] o.s.b.w.e.tomcat.TomcatWebServer : Tomcat initialized with port(s): 8090 (http)
【bzn-robot-portal】2018-11-28 14:47:58.258  INFO --- [main] o.a.catalina.core.StandardService : Starting service [Tomcat]
【bzn-robot-portal】2018-11-28 14:47:58.259  INFO --- [main] o.a.catalina.core.StandardEngine : Starting Servlet Engine: Apache Tomcat/9.0.12
【bzn-robot-portal】2018-11-28 14:47:58.267  INFO --- [main] o.a.c.core.AprLifecycleListener : The APR based Apache Tomcat Native library which allows optimal performance in production environments was not found on the java.library.path: [C:\Program Files\Java\jdk1.8.0_181\bin;C:\WINDOWS\Sun\Java\bin;C:\WINDOWS\system32;C:\WINDOWS;C:\WINDOWS\system32;C:\WINDOWS;C:\WINDOWS\System32\Wbem;C:\WINDOWS\System32\WindowsPowerShell\v1.0\;C:\Program Files\Java\jdk1.8.0_181\bin;C:\Program Files\Microsoft SQL Server\130\Tools\Binn\;D:\programSoft\versionSoft\SVN\bin;D:\programSoft\IDESoft\apache-maven-3.2.3\bin;%RABBITMQ_SERVER%\sbin;%ERLANG_HOME%\bin;D:\programSoft\versionSoft\tortoiseGit\bin;D:\programSoft\python;D:\programSoft\python\Scripts;D:\programSoft\IDESoft\vscode\Microsoft VS Code\bin;D:\programSoft\nodejs\;C:\Program Files\Java\jdk1.8.0_181\jre\bin;D:\programSoft\versionSoft\GIT\Git\cmd;D:\programSoft\IDESoft\vscode\Microsoft VS Code\bin;C:\Users\刘长申\AppData\Local\Programs\Fiddler;%U;ERPROFILE%\AppData\Local\Microsoft\WindowsApps;D:\programSoft\fiddler\Fiddler2\Fiddler;C:\Users\刘长申\AppData\Roaming\npm;;.]
【bzn-robot-portal】2018-11-28 14:47:58.408  INFO --- [main] o.a.c.c.C.[Tomcat].[localhost].[/] : Initializing Spring embedded WebApplicationContext
【bzn-robot-portal】2018-11-28 14:47:58.408  INFO --- [main] o.s.web.context.ContextLoader : Root WebApplicationContext: initialization completed in 2105 ms
【bzn-robot-portal】2018-11-28 14:47:58.453  INFO --- [main] o.s.b.w.s.FilterRegistrationBean : Mapping filter: 'characterEncodingFilter' to: [/*]
【bzn-robot-portal】2018-11-28 14:47:58.454  INFO --- [main] o.s.b.w.s.FilterRegistrationBean : Mapping filter: 'hiddenHttpMethodFilter' to: [/*]
【bzn-robot-portal】2018-11-28 14:47:58.454  INFO --- [main] o.s.b.w.s.FilterRegistrationBean : Mapping filter: 'formContentFilter' to: [/*]
【bzn-robot-portal】2018-11-28 14:47:58.454  INFO --- [main] o.s.b.w.s.FilterRegistrationBean : Mapping filter: 'requestContextFilter' to: [/*]
【bzn-robot-portal】2018-11-28 14:47:58.454  INFO --- [main] o.s.b.w.s.DelegatingFilterProxyRegistrationBean : Mapping filter: 'springSecurityFilterChain' to: [/*]
【bzn-robot-portal】2018-11-28 14:47:58.455  INFO --- [main] o.s.b.w.s.ServletRegistrationBean : Servlet dispatcherServlet mapped to [/]
【bzn-robot-portal】2018-11-28 14:47:58.582  INFO --- [main] com.zaxxer.hikari.HikariDataSource : HikariPool-1 - Starting...
【bzn-robot-portal】2018-11-28 14:47:58.583  WARN --- [main] c.z.hikari.util.DriverDataSource : Registered driver with driverClassName=com.mysql.jdbc.Driver was not found, trying direct instantiation.
【bzn-robot-portal】2018-11-28 14:48:00.773  INFO --- [main] com.zaxxer.hikari.HikariDataSource : HikariPool-1 - Start completed.
【bzn-robot-portal】2018-11-28 14:48:00.826  INFO --- [main] o.h.jpa.internal.util.LogHelper : HHH000204: Processing PersistenceUnitInfo [
	name: default
	...]
【bzn-robot-portal】2018-11-28 14:48:00.901  INFO --- [main] org.hibernate.Version : HHH000412: Hibernate Core {5.3.7.Final}
【bzn-robot-portal】2018-11-28 14:48:00.903  INFO --- [main] org.hibernate.cfg.Environment : HHH000206: hibernate.properties not found
【bzn-robot-portal】2018-11-28 14:48:01.036  INFO --- [main] o.h.annotations.common.Version : HCANN000001: Hibernate Commons Annotations {5.0.4.Final}
【bzn-robot-portal】2018-11-28 14:48:01.168  INFO --- [main] org.hibernate.dialect.Dialect : HHH000400: Using dialect: org.hibernate.dialect.MySQL5Dialect
【bzn-robot-portal】2018-11-28 14:48:02.832  INFO --- [main] o.s.o.j.LocalContainerEntityManagerFactoryBean : Initialized JPA EntityManagerFactory for persistence unit 'default'
【bzn-robot-portal】2018-11-28 14:48:03.397  INFO --- [main] o.s.s.web.DefaultSecurityFilterChain : Creating filter chain: any request, [org.springframework.security.web.context.request.async.WebAsyncManagerIntegrationFilter@46d1b59, org.springframework.security.web.context.SecurityContextPersistenceFilter@aca2fc3, org.springframework.security.web.header.HeaderWriterFilter@3d0352, org.springframework.security.web.csrf.CsrfFilter@892af0e, org.springframework.security.web.authentication.logout.LogoutFilter@8ac12e6, org.springframework.security.web.authentication.UsernamePasswordAuthenticationFilter@7cc1f72c, org.springframework.security.web.savedrequest.RequestCacheAwareFilter@76828577, org.springframework.security.web.servletapi.SecurityContextHolderAwareRequestFilter@7b211077, org.springframework.security.web.authentication.rememberme.RememberMeAuthenticationFilter@360d41d0, org.springframework.security.web.authentication.AnonymousAuthenticationFilter@61d2f267, org.springframework.security.web.session.SessionManagementFilter@388f1258, org.springframework.security.web.access.ExceptionTranslationFilter@489f62a3, org.springframework.security.web.access.intercept.FilterSecurityInterceptor@2154652c]
【bzn-robot-portal】2018-11-28 14:48:03.562  INFO --- [main] o.s.s.c.ThreadPoolTaskExecutor : Initializing ExecutorService 'applicationTaskExecutor'
【bzn-robot-portal】2018-11-28 14:48:03.606  WARN --- [main] o.s.b.a.o.j.JpaBaseConfiguration$JpaWebConfiguration$JpaWebMvcConfiguration : spring.jpa.open-in-view is enabled by default. Therefore, database queries may be performed during view rendering. Explicitly configure spring.jpa.open-in-view to disable this warning
【bzn-robot-portal】2018-11-28 14:48:03.940  INFO --- [main] o.s.b.w.e.tomcat.TomcatWebServer : Tomcat started on port(s): 8090 (http) with context path ''
【bzn-robot-portal】2018-11-28 14:48:03.943  INFO --- [main] c.l.s.ProjectSecurityApplication : Started ProjectSecurityApplication in 8.472 seconds (JVM running for 9.673)
